This file contains any messages produced by compilers while
running configure, to aid debugging if configure makes a mistake.

It was created by cronolog configure 1.6.3, which was
generated by GNU Autoconf 2.72.  Invocation command line was

  $ ./configure

## --------- ##
## Platform. ##
## --------- ##

hostname = earth
uname -m = x86_64
uname -r = 6.7.9-gentoo-earth
uname -s = Linux
uname -v = #3 SMP PREEMPT_DYNAMIC Tue Mar 12 18:09:25 -00 2024

/usr/bin/uname -p = Intel(R) Xeon(R) W-2135 CPU @ 3.70GHz
/bin/uname -X     = unknown

/bin/arch              = unknown
/usr/bin/arch -k       = unknown
/usr/convex/getsysinfo = unknown
/usr/bin/hostinfo      = unknown
/bin/machine           = unknown
/usr/bin/oslevel       = unknown
/bin/universe          = unknown

PATH: /usr/local/sbin/
PATH: /usr/local/bin/
PATH: /usr/sbin/
PATH: /usr/bin/
PATH: /sbin/
PATH: /bin/
PATH: /opt/bin/
PATH: /usr/lib/llvm/18/bin/
PATH: /usr/lib/llvm/17/bin/
PATH: /etc/eselect/wine/bin/


## ----------- ##
## Core tests. ##
## ----------- ##

configure:2541: looking for aux files: config.guess config.sub compile missing install-sh
configure:2554:  trying ./config/
configure:2583:   ./config/config.guess found
configure:2583:   ./config/config.sub found
configure:2583:   ./config/compile found
configure:2583:   ./config/missing found
configure:2565:   ./config/install-sh found
configure:2718: checking for a BSD-compatible install
configure:2792: result: /usr/bin/install -c
configure:2803: checking whether build environment is sane
configure:2858: result: yes
configure:3019: checking for a race-free mkdir -p
configure:3062: result: /bin/mkdir -p
configure:3069: checking for gawk
configure:3090: found /usr/bin/gawk
configure:3102: result: gawk
configure:3113: checking whether make sets $(MAKE)
configure:3137: result: yes
configure:3167: checking whether make supports nested variables
configure:3186: result: yes
configure:3392: checking for gcc
configure:3425: result: clang
configure:3784: checking for C compiler version
configure:3793: clang --version >&5
clang version 18.1.3
Target: x86_64-pc-linux-gnu
Thread model: posix
InstalledDir: /usr/lib/llvm/18/bin
Configuration file: /etc/clang/x86_64-pc-linux-gnu-clang.cfg
configure:3804: $? = 0
configure:3793: clang -v >&5
clang version 18.1.3
Target: x86_64-pc-linux-gnu
Thread model: posix
InstalledDir: /usr/lib/llvm/18/bin
Configuration file: /etc/clang/x86_64-pc-linux-gnu-clang.cfg
System configuration file directory: /etc/clang
Selected GCC installation: /usr/lib/gcc/x86_64-pc-linux-gnu/13
Candidate multilib: .;@m64
Candidate multilib: 32;@m32
Selected multilib: .;@m64
... rest of stderr output deleted ...
configure:3804: $? = 1
configure:3793: clang -V >&5
clang: error: argument to '-V' is missing (expected 1 value)
clang: error: no input files
configure:3804: $? = 1
configure:3793: clang -qversion >&5
clang: error: unknown argument '-qversion'; did you mean '--version'?
clang: error: no input files
configure:3804: $? = 1
configure:3793: clang -version >&5
clang: error: unknown argument '-version'; did you mean '--version'?
clang: error: no input files
configure:3804: $? = 1
configure:3824: checking whether the C compiler works
configure:3846: clang -fuse-ld=lld   conftest.c  >&5
configure:3850: $? = 0
configure:3901: result: yes
configure:3905: checking for C compiler default output file name
configure:3907: result: a.out
configure:3913: checking for suffix of executables
configure:3920: clang -o conftest -fuse-ld=lld   conftest.c  >&5
configure:3924: $? = 0
configure:3948: result: 
configure:3972: checking whether we are cross compiling
configure:3980: clang -o conftest -fuse-ld=lld   conftest.c  >&5
configure:3984: $? = 0
configure:3991: ./conftest
configure:3995: $? = 0
configure:4010: result: no
configure:4016: checking for suffix of object files
configure:4039: clang -c -fuse-ld=lld  conftest.c >&5
clang: warning: argument unused during compilation: '-fuse-ld=lld' [-Wunused-command-line-argument]
configure:4043: $? = 0
configure:4067: result: o
configure:4071: checking whether the compiler supports GNU C
configure:4091: clang -c -fuse-ld=lld  conftest.c >&5
clang: warning: argument unused during compilation: '-fuse-ld=lld' [-Wunused-command-line-argument]
configure:4091: $? = 0
configure:4103: result: yes
configure:4114: checking whether clang accepts -g
configure:4135: clang -c -g  conftest.c >&5
configure:4135: $? = 0
configure:4182: result: yes
configure:4202: checking for clang option to enable C11 features
configure:4217: clang  -c -fuse-ld=lld  conftest.c >&5
clang: warning: argument unused during compilation: '-fuse-ld=lld' [-Wunused-command-line-argument]
configure:4217: $? = 0
configure:4236: result: none needed
configure:4360: checking whether clang understands -c and -o together
configure:4383: clang -c conftest.c -o conftest2.o
configure:4386: $? = 0
configure:4383: clang -c conftest.c -o conftest2.o
configure:4386: $? = 0
configure:4399: result: yes
configure:4419: checking whether make supports the include directive
configure:4434: make -f confmf.GNU && cat confinc.out
this is the am__doit target
configure:4437: $? = 0
configure:4456: result: yes (GNU style)
configure:4482: checking dependency style of clang
configure:4595: result: gcc3
configure:4659: checking for ranlib
configure:4680: found /usr/bin/ranlib
configure:4692: result: ranlib
configure:4715: checking whether ln -s works
configure:4719: result: yes
configure:4726: checking whether make sets $(MAKE)
configure:4750: result: yes
configure:4762: checking for perl
configure:4786: found /usr/bin/perl
configure:4800: result: /usr/bin/perl
configure:4817: checking for stdio.h
configure:4817: clang -c -fuse-ld=lld  conftest.c >&5
clang: warning: argument unused during compilation: '-fuse-ld=lld' [-Wunused-command-line-argument]
configure:4817: $? = 0
configure:4817: result: yes
configure:4817: checking for stdlib.h
configure:4817: clang -c -fuse-ld=lld  conftest.c >&5
clang: warning: argument unused during compilation: '-fuse-ld=lld' [-Wunused-command-line-argument]
configure:4817: $? = 0
configure:4817: result: yes
configure:4817: checking for string.h
configure:4817: clang -c -fuse-ld=lld  conftest.c >&5
clang: warning: argument unused during compilation: '-fuse-ld=lld' [-Wunused-command-line-argument]
configure:4817: $? = 0
configure:4817: result: yes
configure:4817: checking for inttypes.h
configure:4817: clang -c -fuse-ld=lld  conftest.c >&5
clang: warning: argument unused during compilation: '-fuse-ld=lld' [-Wunused-command-line-argument]
configure:4817: $? = 0
configure:4817: result: yes
configure:4817: checking for stdint.h
configure:4817: clang -c -fuse-ld=lld  conftest.c >&5
clang: warning: argument unused during compilation: '-fuse-ld=lld' [-Wunused-command-line-argument]
configure:4817: $? = 0
configure:4817: result: yes
configure:4817: checking for strings.h
configure:4817: clang -c -fuse-ld=lld  conftest.c >&5
clang: warning: argument unused during compilation: '-fuse-ld=lld' [-Wunused-command-line-argument]
configure:4817: $? = 0
configure:4817: result: yes
configure:4817: checking for sys/stat.h
configure:4817: clang -c -fuse-ld=lld  conftest.c >&5
clang: warning: argument unused during compilation: '-fuse-ld=lld' [-Wunused-command-line-argument]
configure:4817: $? = 0
configure:4817: result: yes
configure:4817: checking for sys/types.h
configure:4817: clang -c -fuse-ld=lld  conftest.c >&5
clang: warning: argument unused during compilation: '-fuse-ld=lld' [-Wunused-command-line-argument]
configure:4817: $? = 0
configure:4817: result: yes
configure:4817: checking for unistd.h
configure:4817: clang -c -fuse-ld=lld  conftest.c >&5
clang: warning: argument unused during compilation: '-fuse-ld=lld' [-Wunused-command-line-argument]
configure:4817: $? = 0
configure:4817: result: yes
configure:4817: checking for sys/time.h
configure:4817: clang -c -fuse-ld=lld  conftest.c >&5
clang: warning: argument unused during compilation: '-fuse-ld=lld' [-Wunused-command-line-argument]
configure:4817: $? = 0
configure:4817: result: yes
configure:4842: checking for grep that handles long lines and -e
configure:4908: result: /bin/grep
configure:4916: checking for egrep
configure:4986: result: /bin/grep -E
configure:4994: checking whether stat file-mode macros are broken
configure:5022: clang -c -fuse-ld=lld  conftest.c >&5
clang: warning: argument unused during compilation: '-fuse-ld=lld' [-Wunused-command-line-argument]
configure:5022: $? = 0
configure:5032: result: no
configure:5050: checking whether struct tm is in sys/time.h or time.h
configure:5071: clang -c -fuse-ld=lld  conftest.c >&5
clang: warning: argument unused during compilation: '-fuse-ld=lld' [-Wunused-command-line-argument]
configure:5071: $? = 0
configure:5081: result: time.h
configure:5089: checking for clang options needed to detect all undeclared functions
configure:5111: clang -c -fuse-ld=lld   conftest.c >&5
clang: warning: argument unused during compilation: '-fuse-ld=lld' [-Wunused-command-line-argument]
conftest.c:28:8: error: call to undeclared library function 'strchr' with type 'char *(const char *, int)'; ISO C99 and later do not support implicit function declarations [-Wimplicit-function-declaration]
   28 | (void) strchr;
      |        ^
conftest.c:28:8: note: include the header <string.h> or explicitly provide a declaration for 'strchr'
1 error generated.
configure:5111: $? = 1
configure: failed program was:
| /* confdefs.h */
| #define PACKAGE_NAME "cronolog"
| #define PACKAGE_TARNAME "cronolog"
| #define PACKAGE_VERSION "1.6.3"
| #define PACKAGE_STRING "cronolog 1.6.3"
| #define PACKAGE_BUGREPORT "A.Ford@ford-mason.co.uk"
| #define PACKAGE_URL ""
| #define PACKAGE "cronolog"
| #define VERSION "1.6.3"
| #define _XOPEN_SOURCE 500
| #define HAVE_STDIO_H 1
| #define HAVE_STDLIB_H 1
| #define HAVE_STRING_H 1
| #define HAVE_INTTYPES_H 1
| #define HAVE_STDINT_H 1
| #define HAVE_STRINGS_H 1
| #define HAVE_SYS_STAT_H 1
| #define HAVE_SYS_TYPES_H 1
| #define HAVE_UNISTD_H 1
| #define HAVE_SYS_TIME_H 1
| #define STDC_HEADERS 1
| #define TIME_WITH_SYS_TIME 1
| /* end confdefs.h.  */
| 
| int
| main (void)
| {
| (void) strchr;
|   ;
|   return 0;
| }
configure:5138: clang -c -fuse-ld=lld   conftest.c >&5
clang: warning: argument unused during compilation: '-fuse-ld=lld' [-Wunused-command-line-argument]
configure:5138: $? = 0
configure:5158: result: none needed
configure:5172: checking for struct tm.tm_zone
configure:5172: clang -c -fuse-ld=lld  conftest.c >&5
clang: warning: argument unused during compilation: '-fuse-ld=lld' [-Wunused-command-line-argument]
conftest.c:32:13: error: no member named 'tm_zone' in 'struct tm'
   32 | if (ac_aggr.tm_zone)
      |     ~~~~~~~ ^
1 error generated.
configure:5172: $? = 1
configure: failed program was:
| /* confdefs.h */
| #define PACKAGE_NAME "cronolog"
| #define PACKAGE_TARNAME "cronolog"
| #define PACKAGE_VERSION "1.6.3"
| #define PACKAGE_STRING "cronolog 1.6.3"
| #define PACKAGE_BUGREPORT "A.Ford@ford-mason.co.uk"
| #define PACKAGE_URL ""
| #define PACKAGE "cronolog"
| #define VERSION "1.6.3"
| #define _XOPEN_SOURCE 500
| #define HAVE_STDIO_H 1
| #define HAVE_STDLIB_H 1
| #define HAVE_STRING_H 1
| #define HAVE_INTTYPES_H 1
| #define HAVE_STDINT_H 1
| #define HAVE_STRINGS_H 1
| #define HAVE_SYS_STAT_H 1
| #define HAVE_SYS_TYPES_H 1
| #define HAVE_UNISTD_H 1
| #define HAVE_SYS_TIME_H 1
| #define STDC_HEADERS 1
| #define TIME_WITH_SYS_TIME 1
| /* end confdefs.h.  */
| #include <sys/types.h>
| #include <time.h>
| 
| 
| int
| main (void)
| {
| static struct tm ac_aggr;
| if (ac_aggr.tm_zone)
| return 0;
|   ;
|   return 0;
| }
configure:5172: clang -c -fuse-ld=lld  conftest.c >&5
clang: warning: argument unused during compilation: '-fuse-ld=lld' [-Wunused-command-line-argument]
conftest.c:32:20: error: no member named 'tm_zone' in 'struct tm'
   32 | if (sizeof ac_aggr.tm_zone)
      |            ~~~~~~~ ^
1 error generated.
configure:5172: $? = 1
configure: failed program was:
| /* confdefs.h */
| #define PACKAGE_NAME "cronolog"
| #define PACKAGE_TARNAME "cronolog"
| #define PACKAGE_VERSION "1.6.3"
| #define PACKAGE_STRING "cronolog 1.6.3"
| #define PACKAGE_BUGREPORT "A.Ford@ford-mason.co.uk"
| #define PACKAGE_URL ""
| #define PACKAGE "cronolog"
| #define VERSION "1.6.3"
| #define _XOPEN_SOURCE 500
| #define HAVE_STDIO_H 1
| #define HAVE_STDLIB_H 1
| #define HAVE_STRING_H 1
| #define HAVE_INTTYPES_H 1
| #define HAVE_STDINT_H 1
| #define HAVE_STRINGS_H 1
| #define HAVE_SYS_STAT_H 1
| #define HAVE_SYS_TYPES_H 1
| #define HAVE_UNISTD_H 1
| #define HAVE_SYS_TIME_H 1
| #define STDC_HEADERS 1
| #define TIME_WITH_SYS_TIME 1
| /* end confdefs.h.  */
| #include <sys/types.h>
| #include <time.h>
| 
| 
| int
| main (void)
| {
| static struct tm ac_aggr;
| if (sizeof ac_aggr.tm_zone)
| return 0;
|   ;
|   return 0;
| }
configure:5172: result: no
configure:5189: checking whether tzname is declared
configure:5189: clang -c -fuse-ld=lld   conftest.c >&5
clang: warning: argument unused during compilation: '-fuse-ld=lld' [-Wunused-command-line-argument]
configure:5189: $? = 0
configure:5189: result: yes
configure:5200: checking for tzname
configure:5221: clang -o conftest -fuse-ld=lld   conftest.c  >&5
configure:5221: $? = 0
configure:5232: result: yes
configure:5241: checking for fcntl.h
configure:5241: clang -c -fuse-ld=lld  conftest.c >&5
clang: warning: argument unused during compilation: '-fuse-ld=lld' [-Wunused-command-line-argument]
configure:5241: $? = 0
configure:5241: result: yes
configure:5247: checking for langinfo.h
configure:5247: clang -c -fuse-ld=lld  conftest.c >&5
clang: warning: argument unused during compilation: '-fuse-ld=lld' [-Wunused-command-line-argument]
configure:5247: $? = 0
configure:5247: result: yes
configure:5253: checking for libintl.h
configure:5253: clang -c -fuse-ld=lld  conftest.c >&5
clang: warning: argument unused during compilation: '-fuse-ld=lld' [-Wunused-command-line-argument]
configure:5253: $? = 0
configure:5253: result: yes
configure:5259: checking for limits.h
configure:5259: clang -c -fuse-ld=lld  conftest.c >&5
clang: warning: argument unused during compilation: '-fuse-ld=lld' [-Wunused-command-line-argument]
configure:5259: $? = 0
configure:5259: result: yes
configure:5265: checking for locale.h
configure:5265: clang -c -fuse-ld=lld  conftest.c >&5
clang: warning: argument unused during compilation: '-fuse-ld=lld' [-Wunused-command-line-argument]
configure:5265: $? = 0
configure:5265: result: yes
configure:5271: checking for stdlib.h
configure:5271: result: yes
configure:5277: checking for string.h
configure:5277: result: yes
configure:5283: checking for sys/time.h
configure:5283: result: yes
configure:5289: checking for unistd.h
configure:5289: result: yes
configure:5299: checking for an ANSI C-conforming const
configure:5366: clang -c -fuse-ld=lld  conftest.c >&5
clang: warning: argument unused during compilation: '-fuse-ld=lld' [-Wunused-command-line-argument]
configure:5366: $? = 0
configure:5376: result: yes
configure:5384: checking for mode_t
configure:5384: clang -c -fuse-ld=lld  conftest.c >&5
clang: warning: argument unused during compilation: '-fuse-ld=lld' [-Wunused-command-line-argument]
configure:5384: $? = 0
configure:5384: clang -c -fuse-ld=lld  conftest.c >&5
clang: warning: argument unused during compilation: '-fuse-ld=lld' [-Wunused-command-line-argument]
conftest.c:66:21: error: expected expression
   66 | if (sizeof ((mode_t)))
      |                     ^
1 error generated.
configure:5384: $? = 1
configure: failed program was:
| /* confdefs.h */
| #define PACKAGE_NAME "cronolog"
| #define PACKAGE_TARNAME "cronolog"
| #define PACKAGE_VERSION "1.6.3"
| #define PACKAGE_STRING "cronolog 1.6.3"
| #define PACKAGE_BUGREPORT "A.Ford@ford-mason.co.uk"
| #define PACKAGE_URL ""
| #define PACKAGE "cronolog"
| #define VERSION "1.6.3"
| #define _XOPEN_SOURCE 500
| #define HAVE_STDIO_H 1
| #define HAVE_STDLIB_H 1
| #define HAVE_STRING_H 1
| #define HAVE_INTTYPES_H 1
| #define HAVE_STDINT_H 1
| #define HAVE_STRINGS_H 1
| #define HAVE_SYS_STAT_H 1
| #define HAVE_SYS_TYPES_H 1
| #define HAVE_UNISTD_H 1
| #define HAVE_SYS_TIME_H 1
| #define STDC_HEADERS 1
| #define TIME_WITH_SYS_TIME 1
| #define HAVE_DECL_TZNAME 1
| #define HAVE_TZNAME 1
| #define HAVE_FCNTL_H 1
| #define HAVE_LANGINFO_H 1
| #define HAVE_LIBINTL_H 1
| #define HAVE_LIMITS_H 1
| #define HAVE_LOCALE_H 1
| #define HAVE_STDLIB_H 1
| #define HAVE_STRING_H 1
| #define HAVE_SYS_TIME_H 1
| #define HAVE_UNISTD_H 1
| /* end confdefs.h.  */
| #include <stddef.h>
| #ifdef HAVE_STDIO_H
| # include <stdio.h>
| #endif
| #ifdef HAVE_STDLIB_H
| # include <stdlib.h>
| #endif
| #ifdef HAVE_STRING_H
| # include <string.h>
| #endif
| #ifdef HAVE_INTTYPES_H
| # include <inttypes.h>
| #endif
| #ifdef HAVE_STDINT_H
| # include <stdint.h>
| #endif
| #ifdef HAVE_STRINGS_H
| # include <strings.h>
| #endif
| #ifdef HAVE_SYS_TYPES_H
| # include <sys/types.h>
| #endif
| #ifdef HAVE_SYS_STAT_H
| # include <sys/stat.h>
| #endif
| #ifdef HAVE_UNISTD_H
| # include <unistd.h>
| #endif
| int
| main (void)
| {
| if (sizeof ((mode_t)))
| 	    return 0;
|   ;
|   return 0;
| }
configure:5384: result: yes
configure:5396: checking for pid_t
configure:5396: clang -c -fuse-ld=lld  conftest.c >&5
clang: warning: argument unused during compilation: '-fuse-ld=lld' [-Wunused-command-line-argument]
configure:5396: $? = 0
configure:5396: clang -c -fuse-ld=lld  conftest.c >&5
clang: warning: argument unused during compilation: '-fuse-ld=lld' [-Wunused-command-line-argument]
conftest.c:67:20: error: expected expression
   67 | if (sizeof ((pid_t)))
      |                    ^
1 error generated.
configure:5396: $? = 1
configure: failed program was:
| /* confdefs.h */
| #define PACKAGE_NAME "cronolog"
| #define PACKAGE_TARNAME "cronolog"
| #define PACKAGE_VERSION "1.6.3"
| #define PACKAGE_STRING "cronolog 1.6.3"
| #define PACKAGE_BUGREPORT "A.Ford@ford-mason.co.uk"
| #define PACKAGE_URL ""
| #define PACKAGE "cronolog"
| #define VERSION "1.6.3"
| #define _XOPEN_SOURCE 500
| #define HAVE_STDIO_H 1
| #define HAVE_STDLIB_H 1
| #define HAVE_STRING_H 1
| #define HAVE_INTTYPES_H 1
| #define HAVE_STDINT_H 1
| #define HAVE_STRINGS_H 1
| #define HAVE_SYS_STAT_H 1
| #define HAVE_SYS_TYPES_H 1
| #define HAVE_UNISTD_H 1
| #define HAVE_SYS_TIME_H 1
| #define STDC_HEADERS 1
| #define TIME_WITH_SYS_TIME 1
| #define HAVE_DECL_TZNAME 1
| #define HAVE_TZNAME 1
| #define HAVE_FCNTL_H 1
| #define HAVE_LANGINFO_H 1
| #define HAVE_LIBINTL_H 1
| #define HAVE_LIMITS_H 1
| #define HAVE_LOCALE_H 1
| #define HAVE_STDLIB_H 1
| #define HAVE_STRING_H 1
| #define HAVE_SYS_TIME_H 1
| #define HAVE_UNISTD_H 1
| /* end confdefs.h.  */
| #include <stddef.h>
| #ifdef HAVE_STDIO_H
| # include <stdio.h>
| #endif
| #ifdef HAVE_STDLIB_H
| # include <stdlib.h>
| #endif
| #ifdef HAVE_STRING_H
| # include <string.h>
| #endif
| #ifdef HAVE_INTTYPES_H
| # include <inttypes.h>
| #endif
| #ifdef HAVE_STDINT_H
| # include <stdint.h>
| #endif
| #ifdef HAVE_STRINGS_H
| # include <strings.h>
| #endif
| #ifdef HAVE_SYS_TYPES_H
| # include <sys/types.h>
| #endif
| #ifdef HAVE_SYS_STAT_H
| # include <sys/stat.h>
| #endif
| #ifdef HAVE_UNISTD_H
| # include <unistd.h>
| #endif
| 
| int
| main (void)
| {
| if (sizeof ((pid_t)))
| 	    return 0;
|   ;
|   return 0;
| }
configure:5396: result: yes
configure:5434: checking for size_t
configure:5434: clang -c -fuse-ld=lld  conftest.c >&5
clang: warning: argument unused during compilation: '-fuse-ld=lld' [-Wunused-command-line-argument]
configure:5434: $? = 0
configure:5434: clang -c -fuse-ld=lld  conftest.c >&5
clang: warning: argument unused during compilation: '-fuse-ld=lld' [-Wunused-command-line-argument]
conftest.c:66:21: error: expected expression
   66 | if (sizeof ((size_t)))
      |                     ^
1 error generated.
configure:5434: $? = 1
configure: failed program was:
| /* confdefs.h */
| #define PACKAGE_NAME "cronolog"
| #define PACKAGE_TARNAME "cronolog"
| #define PACKAGE_VERSION "1.6.3"
| #define PACKAGE_STRING "cronolog 1.6.3"
| #define PACKAGE_BUGREPORT "A.Ford@ford-mason.co.uk"
| #define PACKAGE_URL ""
| #define PACKAGE "cronolog"
| #define VERSION "1.6.3"
| #define _XOPEN_SOURCE 500
| #define HAVE_STDIO_H 1
| #define HAVE_STDLIB_H 1
| #define HAVE_STRING_H 1
| #define HAVE_INTTYPES_H 1
| #define HAVE_STDINT_H 1
| #define HAVE_STRINGS_H 1
| #define HAVE_SYS_STAT_H 1
| #define HAVE_SYS_TYPES_H 1
| #define HAVE_UNISTD_H 1
| #define HAVE_SYS_TIME_H 1
| #define STDC_HEADERS 1
| #define TIME_WITH_SYS_TIME 1
| #define HAVE_DECL_TZNAME 1
| #define HAVE_TZNAME 1
| #define HAVE_FCNTL_H 1
| #define HAVE_LANGINFO_H 1
| #define HAVE_LIBINTL_H 1
| #define HAVE_LIMITS_H 1
| #define HAVE_LOCALE_H 1
| #define HAVE_STDLIB_H 1
| #define HAVE_STRING_H 1
| #define HAVE_SYS_TIME_H 1
| #define HAVE_UNISTD_H 1
| /* end confdefs.h.  */
| #include <stddef.h>
| #ifdef HAVE_STDIO_H
| # include <stdio.h>
| #endif
| #ifdef HAVE_STDLIB_H
| # include <stdlib.h>
| #endif
| #ifdef HAVE_STRING_H
| # include <string.h>
| #endif
| #ifdef HAVE_INTTYPES_H
| # include <inttypes.h>
| #endif
| #ifdef HAVE_STDINT_H
| # include <stdint.h>
| #endif
| #ifdef HAVE_STRINGS_H
| # include <strings.h>
| #endif
| #ifdef HAVE_SYS_TYPES_H
| # include <sys/types.h>
| #endif
| #ifdef HAVE_SYS_STAT_H
| # include <sys/stat.h>
| #endif
| #ifdef HAVE_UNISTD_H
| # include <unistd.h>
| #endif
| int
| main (void)
| {
| if (sizeof ((size_t)))
| 	    return 0;
|   ;
|   return 0;
| }
configure:5434: result: yes
configure:5445: checking whether struct tm is in sys/time.h or time.h
configure:5476: result: time.h
configure:5492: checking build system type
configure:5508: result: x86_64-pc-linux-gnu
configure:5528: checking host system type
configure:5543: result: x86_64-pc-linux-gnu
configure:5563: checking for GNU libc compatible malloc
configure:5595: clang -o conftest -fuse-ld=lld   conftest.c  >&5
configure:5595: $? = 0
configure:5595: ./conftest
configure:5595: $? = 0
configure:5609: result: yes
configure:5636: checking for alarm
configure:5636: clang -o conftest -fuse-ld=lld   conftest.c  >&5
configure:5636: $? = 0
configure:5636: result: yes
configure:5636: checking for vprintf
configure:5636: clang -o conftest -fuse-ld=lld   conftest.c  >&5
conftest.c:53:6: warning: incompatible redeclaration of library function 'vprintf' [-Wincompatible-library-redeclaration]
   53 | char vprintf (void);
      |      ^
conftest.c:53:6: note: 'vprintf' is a builtin with type 'int (const char *, struct __va_list_tag *)'
1 warning generated.
configure:5636: $? = 0
configure:5636: result: yes
configure:5647: checking for working mktime
configure:5845: clang -o conftest -fuse-ld=lld   conftest.c  >&5
configure:5845: $? = 0
configure:5845: ./conftest
configure:5845: $? = 0
configure:5859: result: yes
configure:5870: checking whether lstat correctly handles trailing slash
configure:5903: clang -o conftest -fuse-ld=lld   conftest.c  >&5
configure:5903: $? = 0
configure:5903: ./conftest
configure:5903: $? = 0
configure:5924: result: yes
configure:5941: checking whether stat accepts an empty string
configure:5963: clang -o conftest -fuse-ld=lld   conftest.c  >&5
configure:5963: $? = 0
configure:5963: ./conftest
configure:5963: $? = 0
configure:5977: result: no
configure:5994: checking for strftime
configure:5994: clang -o conftest -fuse-ld=lld   conftest.c  >&5
configure:5994: $? = 0
configure:5994: result: yes
configure:6068: checking for localtime_r
configure:6068: clang -o conftest -fuse-ld=lld   conftest.c  >&5
configure:6068: $? = 0
configure:6068: result: yes
configure:6074: checking for memset
configure:6074: clang -o conftest -fuse-ld=lld   conftest.c  >&5
conftest.c:57:6: warning: incompatible redeclaration of library function 'memset' [-Wincompatible-library-redeclaration]
   57 | char memset (void);
      |      ^
conftest.c:57:6: note: 'memset' is a builtin with type 'void *(void *, int, unsigned long)'
1 warning generated.
configure:6074: $? = 0
configure:6074: result: yes
configure:6080: checking for mkdir
configure:6080: clang -o conftest -fuse-ld=lld   conftest.c  >&5
configure:6080: $? = 0
configure:6080: result: yes
configure:6086: checking for nl_langinfo
configure:6086: clang -o conftest -fuse-ld=lld   conftest.c  >&5
configure:6086: $? = 0
configure:6086: result: yes
configure:6092: checking for putenv
configure:6092: clang -o conftest -fuse-ld=lld   conftest.c  >&5
configure:6092: $? = 0
configure:6092: result: yes
configure:6098: checking for strcasecmp
configure:6098: clang -o conftest -fuse-ld=lld   conftest.c  >&5
conftest.c:61:6: warning: incompatible redeclaration of library function 'strcasecmp' [-Wincompatible-library-redeclaration]
   61 | char strcasecmp (void);
      |      ^
conftest.c:61:6: note: 'strcasecmp' is a builtin with type 'int (const char *, const char *)'
1 warning generated.
configure:6098: $? = 0
configure:6098: result: yes
configure:6104: checking for strchr
configure:6104: clang -o conftest -fuse-ld=lld   conftest.c  >&5
conftest.c:62:6: warning: incompatible redeclaration of library function 'strchr' [-Wincompatible-library-redeclaration]
   62 | char strchr (void);
      |      ^
conftest.c:62:6: note: 'strchr' is a builtin with type 'char *(const char *, int)'
1 warning generated.
configure:6104: $? = 0
configure:6104: result: yes
configure:6110: checking for strncasecmp
configure:6110: clang -o conftest -fuse-ld=lld   conftest.c  >&5
conftest.c:63:6: warning: incompatible redeclaration of library function 'strncasecmp' [-Wincompatible-library-redeclaration]
   63 | char strncasecmp (void);
      |      ^
conftest.c:63:6: note: 'strncasecmp' is a builtin with type 'int (const char *, const char *, unsigned long)'
1 warning generated.
configure:6110: $? = 0
configure:6110: result: yes
configure:6117: checking for strptime
configure:6117: clang -o conftest -fuse-ld=lld   conftest.c  >&5
configure:6117: $? = 0
configure:6117: result: yes
configure:6131: checking for localtime_r
configure:6131: result: yes
configure:6250: checking that generated files are newer than configure
configure:6256: result: done
configure:6279: creating ./config.status

## ---------------------- ##
## Running config.status. ##
## ---------------------- ##

This file was extended by cronolog config.status 1.6.3, which was
generated by GNU Autoconf 2.72.  Invocation command line was

  CONFIG_FILES    = 
  CONFIG_HEADERS  = 
  CONFIG_LINKS    = 
  CONFIG_COMMANDS = 
  $ ./config.status 

on earth

config.status:896: creating Makefile
config.status:896: creating cronolog.spec
config.status:896: creating doc/Makefile
config.status:896: creating lib/Makefile
config.status:896: creating src/Makefile
config.status:896: creating testsuite/Makefile
config.status:896: creating config.h
config.status:1077: config.h is unchanged
config.status:1125: executing depfiles commands
config.status:1202: cd lib       && sed -e '/# am--include-marker/d' Makefile         | make -f - am--depfiles
make: Nothing to be done for 'am--depfiles'.
config.status:1207: $? = 0
config.status:1202: cd src       && sed -e '/# am--include-marker/d' Makefile         | make -f - am--depfiles
make: Nothing to be done for 'am--depfiles'.
config.status:1207: $? = 0

## ---------------- ##
## Cache variables. ##
## ---------------- ##

ac_cv_build=x86_64-pc-linux-gnu
ac_cv_c_compiler_gnu=yes
ac_cv_c_const=yes
ac_cv_c_undeclared_builtin_options='none needed'
ac_cv_env_CC_set=set
ac_cv_env_CC_value=clang
ac_cv_env_CFLAGS_set=set
ac_cv_env_CFLAGS_value=-fuse-ld=lld
ac_cv_env_CPPFLAGS_set=
ac_cv_env_CPPFLAGS_value=
ac_cv_env_LDFLAGS_set=
ac_cv_env_LDFLAGS_value=
ac_cv_env_LIBS_set=
ac_cv_env_LIBS_value=
ac_cv_env_build_alias_set=
ac_cv_env_build_alias_value=
ac_cv_env_host_alias_set=
ac_cv_env_host_alias_value=
ac_cv_env_target_alias_set=
ac_cv_env_target_alias_value=
ac_cv_func_alarm=yes
ac_cv_func_localtime_r=yes
ac_cv_func_lstat_dereferences_slashed_symlink=yes
ac_cv_func_malloc_0_nonnull=yes
ac_cv_func_memset=yes
ac_cv_func_mkdir=yes
ac_cv_func_nl_langinfo=yes
ac_cv_func_putenv=yes
ac_cv_func_stat_empty_string_bug=no
ac_cv_func_strcasecmp=yes
ac_cv_func_strchr=yes
ac_cv_func_strftime=yes
ac_cv_func_strncasecmp=yes
ac_cv_func_strptime=yes
ac_cv_func_vprintf=yes
ac_cv_func_working_mktime=yes
ac_cv_have_decl_tzname=yes
ac_cv_header_fcntl_h=yes
ac_cv_header_inttypes_h=yes
ac_cv_header_langinfo_h=yes
ac_cv_header_libintl_h=yes
ac_cv_header_limits_h=yes
ac_cv_header_locale_h=yes
ac_cv_header_stat_broken=no
ac_cv_header_stdint_h=yes
ac_cv_header_stdio_h=yes
ac_cv_header_stdlib_h=yes
ac_cv_header_string_h=yes
ac_cv_header_strings_h=yes
ac_cv_header_sys_stat_h=yes
ac_cv_header_sys_time_h=yes
ac_cv_header_sys_types_h=yes
ac_cv_header_unistd_h=yes
ac_cv_host=x86_64-pc-linux-gnu
ac_cv_member_struct_tm_tm_zone=no
ac_cv_objext=o
ac_cv_path_EGREP='/bin/grep -E'
ac_cv_path_EGREP_TRADITIONAL='/bin/grep -E'
ac_cv_path_GREP=/bin/grep
ac_cv_path_PERL=/usr/bin/perl
ac_cv_path_install='/usr/bin/install -c'
ac_cv_path_mkdir=/bin/mkdir
ac_cv_prog_AWK=gawk
ac_cv_prog_ac_ct_CC=clang
ac_cv_prog_ac_ct_RANLIB=ranlib
ac_cv_prog_cc_c11=
ac_cv_prog_cc_g=yes
ac_cv_prog_cc_stdc=
ac_cv_prog_make_make_set=yes
ac_cv_struct_tm=time.h
ac_cv_type_mode_t=yes
ac_cv_type_pid_t=yes
ac_cv_type_size_t=yes
ac_cv_var_tzname=yes
am_cv_CC_dependencies_compiler_type=gcc3
am_cv_make_support_nested_variables=yes
am_cv_prog_cc_c_o=yes

## ----------------- ##
## Output variables. ##
## ----------------- ##

ACLOCAL='${SHELL} '\''/home/germ/git/cronolog/config/missing'\'' aclocal-1.16'
AMDEPBACKSLASH='\'
AMDEP_FALSE='#'
AMDEP_TRUE=''
AMTAR='$${TAR-tar}'
AM_BACKSLASH='\'
AM_DEFAULT_V='$(AM_DEFAULT_VERBOSITY)'
AM_DEFAULT_VERBOSITY='1'
AM_V='$(V)'
AUTOCONF='${SHELL} '\''/home/germ/git/cronolog/config/missing'\'' autoconf'
AUTOHEADER='${SHELL} '\''/home/germ/git/cronolog/config/missing'\'' autoheader'
AUTOMAKE='${SHELL} '\''/home/germ/git/cronolog/config/missing'\'' automake-1.16'
AWK='gawk'
CC='clang'
CCDEPMODE='depmode=gcc3'
CFLAGS='-fuse-ld=lld'
CPPFLAGS=''
CSCOPE='cscope'
CTAGS='ctags'
CYGPATH_W='echo'
DEFS='-DHAVE_CONFIG_H'
DEPDIR='.deps'
ECHO_C=''
ECHO_N='-n'
ECHO_T=''
EGREP='/bin/grep -E'
ETAGS='etags'
EXEEXT=''
GREP='/bin/grep'
INSTALL_DATA='${INSTALL} -m 644'
INSTALL_PROGRAM='${INSTALL}'
INSTALL_SCRIPT='${INSTALL}'
INSTALL_STRIP_PROGRAM='$(install_sh) -c -s'
LDFLAGS=''
LIBOBJS=''
LIBS=''
LN_S='ln -s'
LTLIBOBJS=''
MAKEINFO='${SHELL} '\''/home/germ/git/cronolog/config/missing'\'' makeinfo'
MKDIR_P='/bin/mkdir -p'
OBJEXT='o'
PACKAGE='cronolog'
PACKAGE_BUGREPORT='A.Ford@ford-mason.co.uk'
PACKAGE_NAME='cronolog'
PACKAGE_STRING='cronolog 1.6.3'
PACKAGE_TARNAME='cronolog'
PACKAGE_URL=''
PACKAGE_VERSION='1.6.3'
PATH_SEPARATOR=':'
PERL='/usr/bin/perl'
RANLIB='ranlib'
SET_MAKE=''
SHELL='/bin/sh'
STRIP=''
VERSION='1.6.3'
ac_ct_CC='clang'
am__EXEEXT_FALSE=''
am__EXEEXT_TRUE='#'
am__fastdepCC_FALSE='#'
am__fastdepCC_TRUE=''
am__include='include'
am__isrc=''
am__leading_dot='.'
am__nodep='_no'
am__quote=''
am__tar='$${TAR-tar} chof - "$$tardir"'
am__untar='$${TAR-tar} xf -'
bindir='${exec_prefix}/bin'
build='x86_64-pc-linux-gnu'
build_alias=''
build_cpu='x86_64'
build_os='linux-gnu'
build_vendor='pc'
datadir='${datarootdir}'
datarootdir='${prefix}/share'
docdir='${datarootdir}/doc/${PACKAGE_TARNAME}'
dvidir='${docdir}'
exec_prefix='${prefix}'
host='x86_64-pc-linux-gnu'
host_alias=''
host_cpu='x86_64'
host_os='linux-gnu'
host_vendor='pc'
htmldir='${docdir}'
includedir='${prefix}/include'
infodir='${datarootdir}/info'
install_sh='${SHELL} /home/germ/git/cronolog/config/install-sh'
libdir='${exec_prefix}/lib'
libexecdir='${exec_prefix}/libexec'
localedir='${datarootdir}/locale'
localstatedir='${prefix}/var'
mandir='${datarootdir}/man'
mkdir_p='$(MKDIR_P)'
oldincludedir='/usr/include'
pdfdir='${docdir}'
prefix='/usr/local'
program_transform_name='s,x,x,'
psdir='${docdir}'
runstatedir='${localstatedir}/run'
sbindir='${exec_prefix}/sbin'
sharedstatedir='${prefix}/com'
sysconfdir='${prefix}/etc'
target_alias=''

## ----------- ##
## confdefs.h. ##
## ----------- ##

/* confdefs.h */
#define PACKAGE_NAME "cronolog"
#define PACKAGE_TARNAME "cronolog"
#define PACKAGE_VERSION "1.6.3"
#define PACKAGE_STRING "cronolog 1.6.3"
#define PACKAGE_BUGREPORT "A.Ford@ford-mason.co.uk"
#define PACKAGE_URL ""
#define PACKAGE "cronolog"
#define VERSION "1.6.3"
#define _XOPEN_SOURCE 500
#define HAVE_STDIO_H 1
#define HAVE_STDLIB_H 1
#define HAVE_STRING_H 1
#define HAVE_INTTYPES_H 1
#define HAVE_STDINT_H 1
#define HAVE_STRINGS_H 1
#define HAVE_SYS_STAT_H 1
#define HAVE_SYS_TYPES_H 1
#define HAVE_UNISTD_H 1
#define HAVE_SYS_TIME_H 1
#define STDC_HEADERS 1
#define TIME_WITH_SYS_TIME 1
#define HAVE_DECL_TZNAME 1
#define HAVE_TZNAME 1
#define HAVE_FCNTL_H 1
#define HAVE_LANGINFO_H 1
#define HAVE_LIBINTL_H 1
#define HAVE_LIMITS_H 1
#define HAVE_LOCALE_H 1
#define HAVE_STDLIB_H 1
#define HAVE_STRING_H 1
#define HAVE_SYS_TIME_H 1
#define HAVE_UNISTD_H 1
#define HAVE_MALLOC 1
#define HAVE_ALARM 1
#define HAVE_VPRINTF 1
#define LSTAT_FOLLOWS_SLASHED_SYMLINK 1
#define HAVE_STRFTIME 1
#define HAVE_LOCALTIME_R 1
#define HAVE_MEMSET 1
#define HAVE_MKDIR 1
#define HAVE_NL_LANGINFO 1
#define HAVE_PUTENV 1
#define HAVE_STRCASECMP 1
#define HAVE_STRCHR 1
#define HAVE_STRNCASECMP 1
#define HAVE_STRPTIME 1
#define HAVE_LOCALTIME_R 1

configure: exit 0
